[0902/174825.209:ERROR:gpu_init.cc(441)] Passthrough is not supported, GL is disabled
[0902/193722.957:INFO:CONSOLE(231)] "每一个星球都有一个驱动核心，
每一种思想都有影响力的种子。
感受世界的温度，
年轻的你也能成为改变世界的动力，
百度珍惜你所有的潜力。
你的潜力，是改变世界的动力！

", source: https://ss1.bdstatic.com/5eN1bjq8AAUYm2zgoY3K/r/www/cache/static/protocol/https/global/js/all_async_search_2e7c91c.js (231)
[0902/193722.958:INFO:CONSOLE(231)] "%c百度2022校园招聘简历投递：https://talent.baidu.com/external/baidu/campus.html color:red", source: https://ss1.bdstatic.com/5eN1bjq8AAUYm2zgoY3K/r/www/cache/static/protocol/https/global/js/all_async_search_2e7c91c.js (231)
[0902/193727.828:INFO:CONSOLE(231)] "每一个星球都有一个驱动核心，
每一种思想都有影响力的种子。
感受世界的温度，
年轻的你也能成为改变世界的动力，
百度珍惜你所有的潜力。
你的潜力，是改变世界的动力！

", source: https://ss1.bdstatic.com/5eN1bjq8AAUYm2zgoY3K/r/www/cache/static/protocol/https/global/js/all_async_search_2e7c91c.js (231)
[0902/193727.828:INFO:CONSOLE(231)] "%c百度2022校园招聘简历投递：https://talent.baidu.com/external/baidu/campus.html color:red", source: https://ss1.bdstatic.com/5eN1bjq8AAUYm2zgoY3K/r/www/cache/static/protocol/https/global/js/all_async_search_2e7c91c.js (231)
[0902/193733.112:INFO:CONSOLE(231)] "每一个星球都有一个驱动核心，
每一种思想都有影响力的种子。
感受世界的温度，
年轻的你也能成为改变世界的动力，
百度珍惜你所有的潜力。
你的潜力，是改变世界的动力！

", source: https://ss1.bdstatic.com/5eN1bjq8AAUYm2zgoY3K/r/www/cache/static/protocol/https/global/js/all_async_search_2e7c91c.js (231)
[0902/193733.112:INFO:CONSOLE(231)] "%c百度2022校园招聘简历投递：https://talent.baidu.com/external/baidu/campus.html color:red", source: https://ss1.bdstatic.com/5eN1bjq8AAUYm2zgoY3K/r/www/cache/static/protocol/https/global/js/all_async_search_2e7c91c.js (231)
[0902/193736.277:INFO:CONSOLE(231)] "每一个星球都有一个驱动核心，
每一种思想都有影响力的种子。
感受世界的温度，
年轻的你也能成为改变世界的动力，
百度珍惜你所有的潜力。
你的潜力，是改变世界的动力！

", source: https://ss1.bdstatic.com/5eN1bjq8AAUYm2zgoY3K/r/www/cache/static/protocol/https/global/js/all_async_search_2e7c91c.js (231)
[0902/193736.277:INFO:CONSOLE(231)] "%c百度2022校园招聘简历投递：https://talent.baidu.com/external/baidu/campus.html color:red", source: https://ss1.bdstatic.com/5eN1bjq8AAUYm2zgoY3K/r/www/cache/static/protocol/https/global/js/all_async_search_2e7c91c.js (231)
[0902/193753.726:INFO:CONSOLE(231)] "每一个星球都有一个驱动核心，
每一种思想都有影响力的种子。
感受世界的温度，
年轻的你也能成为改变世界的动力，
百度珍惜你所有的潜力。
你的潜力，是改变世界的动力！

", source: https://pss.bdstatic.com/r/www/cache/static/protocol/https/global/js/all_async_search_2e7c91c.js (231)
[0902/193753.727:INFO:CONSOLE(231)] "%c百度2022校园招聘简历投递：https://talent.baidu.com/external/baidu/campus.html color:red", source: https://pss.bdstatic.com/r/www/cache/static/protocol/https/global/js/all_async_search_2e7c91c.js (231)
[0907/104230.742:ERROR:gpu_init.cc(441)] Passthrough is not supported, GL is disabled
[0909/104905.008:ERROR:gpu_init.cc(441)] Passthrough is not supported, GL is disabled
[0909/111222.382:INFO:CONSOLE(231)] "每一个星球都有一个驱动核心，
每一种思想都有影响力的种子。
感受世界的温度，
年轻的你也能成为改变世界的动力，
百度珍惜你所有的潜力。
你的潜力，是改变世界的动力！

", source: https://ss1.bdstatic.com/5eN1bjq8AAUYm2zgoY3K/r/www/cache/static/protocol/https/global/js/all_async_search_5727230.js (231)
[0909/111222.382:INFO:CONSOLE(231)] "%c百度2022校园招聘简历投递：https://talent.baidu.com/external/baidu/campus.html color:red", source: https://ss1.bdstatic.com/5eN1bjq8AAUYm2zgoY3K/r/www/cache/static/protocol/https/global/js/all_async_search_5727230.js (231)
[0909/111227.254:INFO:CONSOLE(231)] "每一个星球都有一个驱动核心，
每一种思想都有影响力的种子。
感受世界的温度，
年轻的你也能成为改变世界的动力，
百度珍惜你所有的潜力。
你的潜力，是改变世界的动力！

", source: https://ss1.bdstatic.com/5eN1bjq8AAUYm2zgoY3K/r/www/cache/static/protocol/https/global/js/all_async_search_5727230.js (231)
[0909/111227.254:INFO:CONSOLE(231)] "%c百度2022校园招聘简历投递：https://talent.baidu.com/external/baidu/campus.html color:red", source: https://ss1.bdstatic.com/5eN1bjq8AAUYm2zgoY3K/r/www/cache/static/protocol/https/global/js/all_async_search_5727230.js (231)
[0909/164747.226:ERROR:gpu_init.cc(441)] Passthrough is not supported, GL is disabled
[0909/183019.080:INFO:CONSOLE(231)] "每一个星球都有一个驱动核心，
每一种思想都有影响力的种子。
感受世界的温度，
年轻的你也能成为改变世界的动力，
百度珍惜你所有的潜力。
你的潜力，是改变世界的动力！

", source: https://ss1.bdstatic.com/5eN1bjq8AAUYm2zgoY3K/r/www/cache/static/protocol/https/global/js/all_async_search_5727230.js (231)
[0909/183019.081:INFO:CONSOLE(231)] "%c百度2022校园招聘简历投递：https://talent.baidu.com/external/baidu/campus.html color:red", source: https://ss1.bdstatic.com/5eN1bjq8AAUYm2zgoY3K/r/www/cache/static/protocol/https/global/js/all_async_search_5727230.js (231)
[0909/183020.416:INFO:CONSOLE(231)] "每一个星球都有一个驱动核心，
每一种思想都有影响力的种子。
感受世界的温度，
年轻的你也能成为改变世界的动力，
百度珍惜你所有的潜力。
你的潜力，是改变世界的动力！

", source: https://ss1.bdstatic.com/5eN1bjq8AAUYm2zgoY3K/r/www/cache/static/protocol/https/global/js/all_async_search_5727230.js (231)
[0909/183020.416:INFO:CONSOLE(231)] "%c百度2022校园招聘简历投递：https://talent.baidu.com/external/baidu/campus.html color:red", source: https://ss1.bdstatic.com/5eN1bjq8AAUYm2zgoY3K/r/www/cache/static/protocol/https/global/js/all_async_search_5727230.js (231)
[0909/183054.191:WARNING:ipc_message_attachment_set.cc(49)] MessageAttachmentSet destroyed with unconsumed attachments: 0/1
[0909/183054.191:WARNING:ipc_message_attachment_set.cc(49)] MessageAttachmentSet destroyed with unconsumed attachments: 0/1
[0909/183648.492:INFO:CONSOLE(231)] "每一个星球都有一个驱动核心，
每一种思想都有影响力的种子。
感受世界的温度，
年轻的你也能成为改变世界的动力，
百度珍惜你所有的潜力。
你的潜力，是改变世界的动力！

", source: https://ss1.bdstatic.com/5eN1bjq8AAUYm2zgoY3K/r/www/cache/static/protocol/https/global/js/all_async_search_5727230.js (231)
[0909/183648.493:INFO:CONSOLE(231)] "%c百度2022校园招聘简历投递：https://talent.baidu.com/external/baidu/campus.html color:red", source: https://ss1.bdstatic.com/5eN1bjq8AAUYm2zgoY3K/r/www/cache/static/protocol/https/global/js/all_async_search_5727230.js (231)
[0909/184103.664:ERROR:gpu_init.cc(441)] Passthrough is not supported, GL is disabled
[0909/192540.811:INFO:CONSOLE(231)] "每一个星球都有一个驱动核心，
每一种思想都有影响力的种子。
感受世界的温度，
年轻的你也能成为改变世界的动力，
百度珍惜你所有的潜力。
你的潜力，是改变世界的动力！

", source: https://ss1.bdstatic.com/5eN1bjq8AAUYm2zgoY3K/r/www/cache/static/protocol/https/global/js/all_async_search_5727230.js (231)
[0909/192540.811:INFO:CONSOLE(231)] "%c百度2022校园招聘简历投递：https://talent.baidu.com/external/baidu/campus.html color:red", source: https://ss1.bdstatic.com/5eN1bjq8AAUYm2zgoY3K/r/www/cache/static/protocol/https/global/js/all_async_search_5727230.js (231)
[0909/192542.486:INFO:CONSOLE(231)] "每一个星球都有一个驱动核心，
每一种思想都有影响力的种子。
感受世界的温度，
年轻的你也能成为改变世界的动力，
百度珍惜你所有的潜力。
你的潜力，是改变世界的动力！

", source: https://ss1.bdstatic.com/5eN1bjq8AAUYm2zgoY3K/r/www/cache/static/protocol/https/global/js/all_async_search_5727230.js (231)
[0909/192542.486:INFO:CONSOLE(231)] "%c百度2022校园招聘简历投递：https://talent.baidu.com/external/baidu/campus.html color:red", source: https://ss1.bdstatic.com/5eN1bjq8AAUYm2zgoY3K/r/www/cache/static/protocol/https/global/js/all_async_search_5727230.js (231)
[0909/192552.520:INFO:CONSOLE(231)] "每一个星球都有一个驱动核心，
每一种思想都有影响力的种子。
感受世界的温度，
年轻的你也能成为改变世界的动力，
百度珍惜你所有的潜力。
你的潜力，是改变世界的动力！

", source: https://pss.bdstatic.com/r/www/cache/static/protocol/https/global/js/all_async_search_5727230.js (231)
[0909/192552.521:INFO:CONSOLE(231)] "%c百度2022校园招聘简历投递：https://talent.baidu.com/external/baidu/campus.html color:red", source: https://pss.bdstatic.com/r/www/cache/static/protocol/https/global/js/all_async_search_5727230.js (231)
[0909/192558.406:INFO:CONSOLE(231)] "每一个星球都有一个驱动核心，
每一种思想都有影响力的种子。
感受世界的温度，
年轻的你也能成为改变世界的动力，
百度珍惜你所有的潜力。
你的潜力，是改变世界的动力！

", source: https://pss.bdstatic.com/r/www/cache/static/protocol/https/global/js/all_async_search_5727230.js (231)
[0909/192558.406:INFO:CONSOLE(231)] "%c百度2022校园招聘简历投递：https://talent.baidu.com/external/baidu/campus.html color:red", source: https://pss.bdstatic.com/r/www/cache/static/protocol/https/global/js/all_async_search_5727230.js (231)
[0909/210903.660:ERROR:gpu_init.cc(441)] Passthrough is not supported, GL is disabled
[0910/093717.971:WARNING:dns_config_service_win.cc(712)] Failed to read DnsConfig.
[0910/093718.535:WARNING:dns_config_service_win.cc(712)] Failed to read DnsConfig.
[0910/093722.992:WARNING:dns_config_service_win.cc(712)] Failed to read DnsConfig.
[0910/093723.550:WARNING:dns_config_service_win.cc(712)] Failed to read DnsConfig.
[0910/093728.004:WARNING:dns_config_service_win.cc(712)] Failed to read DnsConfig.
[0910/093728.557:WARNING:dns_config_service_win.cc(712)] Failed to read DnsConfig.
[0910/093733.018:WARNING:dns_config_service_win.cc(712)] Failed to read DnsConfig.
[0910/093733.570:WARNING:dns_config_service_win.cc(712)] Failed to read DnsConfig.
[0910/093738.029:WARNING:dns_config_service_win.cc(712)] Failed to read DnsConfig.
[0910/093738.584:WARNING:dns_config_service_win.cc(712)] Failed to read DnsConfig.
[0910/093743.046:WARNING:dns_config_service_win.cc(712)] Failed to read DnsConfig.
[0910/093743.591:WARNING:dns_config_service_win.cc(712)] Failed to read DnsConfig.
[0910/094511.195:WARNING:dns_config_service_win.cc(712)] Failed to read DnsConfig.
[0910/094511.851:WARNING:dns_config_service_win.cc(712)] Failed to read DnsConfig.
[0910/094519.279:WARNING:dns_config_service_win.cc(712)] Failed to read DnsConfig.
[0910/094519.839:WARNING:dns_config_service_win.cc(712)] Failed to read DnsConfig.
[0910/094524.296:WARNING:dns_config_service_win.cc(712)] Failed to read DnsConfig.
[0910/094524.866:WARNING:dns_config_service_win.cc(712)] Failed to read DnsConfig.
[0913/222118.869:ERROR:gpu_init.cc(441)] Passthrough is not supported, GL is disabled
[0914/115513.629:ERROR:gpu_init.cc(441)] Passthrough is not supported, GL is disabled
[0914/155911.295:ERROR:gpu_init.cc(441)] Passthrough is not supported, GL is disabled
[0914/180209.670:ERROR:gpu_init.cc(441)] Passthrough is not supported, GL is disabled
[0914/194706.278:WARNING:dns_config_service_win.cc(712)] Failed to read DnsConfig.
[0914/194706.762:WARNING:dns_config_service_win.cc(712)] Failed to read DnsConfig.
[0914/213157.090:ERROR:gpu_init.cc(441)] Passthrough is not supported, GL is disabled
[0917/135514.074:INFO:CONSOLE(231)] "每一个星球都有一个驱动核心，
每一种思想都有影响力的种子。
感受世界的温度，
年轻的你也能成为改变世界的动力，
百度珍惜你所有的潜力。
你的潜力，是改变世界的动力！

", source: https://ss1.bdstatic.com/5eN1bjq8AAUYm2zgoY3K/r/www/cache/static/protocol/https/global/js/all_async_search_51c9660.js (231)
[0917/135514.075:INFO:CONSOLE(231)] "%c百度2022校园招聘简历投递：https://talent.baidu.com/external/baidu/campus.html color:red", source: https://ss1.bdstatic.com/5eN1bjq8AAUYm2zgoY3K/r/www/cache/static/protocol/https/global/js/all_async_search_51c9660.js (231)
[0920/182158.821:INFO:CONSOLE(231)] "每一个星球都有一个驱动核心，
每一种思想都有影响力的种子。
感受世界的温度，
年轻的你也能成为改变世界的动力，
百度珍惜你所有的潜力。
你的潜力，是改变世界的动力！

", source: https://ss1.bdstatic.com/5eN1bjq8AAUYm2zgoY3K/r/www/cache/static/protocol/https/global/js/all_async_search_f266cd0.js (231)
[0920/182158.821:INFO:CONSOLE(231)] "%c百度2022校园招聘简历投递：https://talent.baidu.com/external/baidu/campus.html color:red", source: https://ss1.bdstatic.com/5eN1bjq8AAUYm2zgoY3K/r/www/cache/static/protocol/https/global/js/all_async_search_f266cd0.js (231)
[0920/195533.270:INFO:CONSOLE(231)] "每一个星球都有一个驱动核心，
每一种思想都有影响力的种子。
感受世界的温度，
年轻的你也能成为改变世界的动力，
百度珍惜你所有的潜力。
你的潜力，是改变世界的动力！

", source: https://ss1.bdstatic.com/5eN1bjq8AAUYm2zgoY3K/r/www/cache/static/protocol/https/global/js/all_async_search_f266cd0.js (231)
[0920/195533.270:INFO:CONSOLE(231)] "%c百度2022校园招聘简历投递：https://talent.baidu.com/external/baidu/campus.html color:red", source: https://ss1.bdstatic.com/5eN1bjq8AAUYm2zgoY3K/r/www/cache/static/protocol/https/global/js/all_async_search_f266cd0.js (231)
[0920/195535.862:WARNING:spdy_session.cc(3505)] Received HEADERS for invalid stream 45
[0920/195535.866:WARNING:spdy_session.cc(3505)] Received HEADERS for invalid stream 47
[0920/195537.925:INFO:CONSOLE(231)] "每一个星球都有一个驱动核心，
每一种思想都有影响力的种子。
感受世界的温度，
年轻的你也能成为改变世界的动力，
百度珍惜你所有的潜力。
你的潜力，是改变世界的动力！

", source: https://ss1.bdstatic.com/5eN1bjq8AAUYm2zgoY3K/r/www/cache/static/protocol/https/global/js/all_async_search_f266cd0.js (231)
[0920/195537.925:INFO:CONSOLE(231)] "%c百度2022校园招聘简历投递：https://talent.baidu.com/external/baidu/campus.html color:red", source: https://ss1.bdstatic.com/5eN1bjq8AAUYm2zgoY3K/r/www/cache/static/protocol/https/global/js/all_async_search_f266cd0.js (231)
[0920/195716.854:INFO:CONSOLE(231)] "每一个星球都有一个驱动核心，
每一种思想都有影响力的种子。
感受世界的温度，
年轻的你也能成为改变世界的动力，
百度珍惜你所有的潜力。
你的潜力，是改变世界的动力！

", source: https://ss1.bdstatic.com/5eN1bjq8AAUYm2zgoY3K/r/www/cache/static/protocol/https/global/js/all_async_search_f266cd0.js (231)
[0920/195716.855:INFO:CONSOLE(231)] "%c百度2022校园招聘简历投递：https://talent.baidu.com/external/baidu/campus.html color:red", source: https://ss1.bdstatic.com/5eN1bjq8AAUYm2zgoY3K/r/www/cache/static/protocol/https/global/js/all_async_search_f266cd0.js (231)
[0920/195720.095:INFO:CONSOLE(0)] "Mixed Content: The page at 'https://www.baidu.com/s?wd=%E7%99%BE%E5%BA%A6%E7%83%AD%E6%90%9C&sa=ire_dl_gh_logo_texing&rsv_dl=igh_logo_pcs' was loaded over HTTPS, but requested an insecure element 'http://gdown.baidu.com/img/0/200_200/1c7d0637ca01803040e087fb44e47654.png'. This request was automatically upgraded to HTTPS, For more information see https://blog.chromium.org/2019/10/no-more-mixed-messages-about-https.html", source: https://www.baidu.com/s?wd=%E7%99%BE%E5%BA%A6%E7%83%AD%E6%90%9C&sa=ire_dl_gh_logo_texing&rsv_dl=igh_logo_pcs (0)
[0920/195720.188:INFO:CONSOLE(0)] "Mixed Content: The page at 'https://www.baidu.com/s?wd=%E7%99%BE%E5%BA%A6%E7%83%AD%E6%90%9C&sa=ire_dl_gh_logo_texing&rsv_dl=igh_logo_pcs' was loaded over HTTPS, but requested an insecure element 'http://gdown.baidu.com/img/0/200_200/1c7d0637ca01803040e087fb44e47654.png'. This request was automatically upgraded to HTTPS, For more information see https://blog.chromium.org/2019/10/no-more-mixed-messages-about-https.html", source: https://www.baidu.com/s?wd=%E7%99%BE%E5%BA%A6%E7%83%AD%E6%90%9C&sa=ire_dl_gh_logo_texing&rsv_dl=igh_logo_pcs (0)
[0920/195720.417:WARNING:spdy_session.cc(3505)] Received HEADERS for invalid stream 1
[0920/200253.044:INFO:CONSOLE(231)] "每一个星球都有一个驱动核心，
每一种思想都有影响力的种子。
感受世界的温度，
年轻的你也能成为改变世界的动力，
百度珍惜你所有的潜力。
你的潜力，是改变世界的动力！

", source: https://ss1.bdstatic.com/5eN1bjq8AAUYm2zgoY3K/r/www/cache/static/protocol/https/global/js/all_async_search_f266cd0.js (231)
[0920/200253.045:INFO:CONSOLE(231)] "%c百度2022校园招聘简历投递：https://talent.baidu.com/external/baidu/campus.html color:red", source: https://ss1.bdstatic.com/5eN1bjq8AAUYm2zgoY3K/r/www/cache/static/protocol/https/global/js/all_async_search_f266cd0.js (231)
[0920/200301.178:INFO:CONSOLE(231)] "每一个星球都有一个驱动核心，
每一种思想都有影响力的种子。
感受世界的温度，
年轻的你也能成为改变世界的动力，
百度珍惜你所有的潜力。
你的潜力，是改变世界的动力！

", source: https://ss1.bdstatic.com/5eN1bjq8AAUYm2zgoY3K/r/www/cache/static/protocol/https/global/js/all_async_search_f266cd0.js (231)
[0920/200301.178:INFO:CONSOLE(231)] "%c百度2022校园招聘简历投递：https://talent.baidu.com/external/baidu/campus.html color:red", source: https://ss1.bdstatic.com/5eN1bjq8AAUYm2zgoY3K/r/www/cache/static/protocol/https/global/js/all_async_search_f266cd0.js (231)
[0920/200451.616:INFO:CONSOLE(231)] "每一个星球都有一个驱动核心，
每一种思想都有影响力的种子。
感受世界的温度，
年轻的你也能成为改变世界的动力，
百度珍惜你所有的潜力。
你的潜力，是改变世界的动力！

", source: https://ss1.bdstatic.com/5eN1bjq8AAUYm2zgoY3K/r/www/cache/static/protocol/https/global/js/all_async_search_f266cd0.js (231)
[0920/200451.616:INFO:CONSOLE(231)] "%c百度2022校园招聘简历投递：https://talent.baidu.com/external/baidu/campus.html color:red", source: https://ss1.bdstatic.com/5eN1bjq8AAUYm2zgoY3K/r/www/cache/static/protocol/https/global/js/all_async_search_f266cd0.js (231)
